TN:
SF:02-ratelimitter.js
FNF:0
FNH:0
DA:1,1
DA:2,1
DA:3,1
DA:4,1
DA:5,1
DA:6,1
DA:7,1
DA:8,1
DA:9,1
DA:10,1
DA:11,1
DA:12,1
DA:13,1
DA:14,1
DA:15,1
DA:16,1
DA:17,1
DA:18,2
DA:19,1
DA:20,1
DA:21,1
DA:22,13
DA:23,13
DA:24,13
DA:25,13
DA:26,7
DA:27,13
DA:28,6
DA:29,6
DA:30,1
DA:31,1
DA:32,1
DA:33,1
DA:34,6
DA:35,1
DA:36,1
DA:37,1
DA:38,1
DA:39,1
DA:40,1
DA:41,1
DA:42,0
DA:43,1
DA:44,1
DA:45,1
LF:45
LH:44
BRDA:17,0,0,2
BRDA:21,1,0,13
BRDA:23,2,0,2
BRDA:25,3,0,7
BRDA:27,4,0,6
BRDA:33,5,0,6
BRDA:37,6,0,1
BRF:7
BRH:7
end_of_record
